# JRE version: OpenJDK Runtime Environment (11.0.11) (build 11.0.11+0-b60-7590822)
# Java VM: OpenJDK 64-Bit Server VM (11.0.11+0-b60-7590822, mixed mode, tiered, compressed oops, g1 gc, linux-amd64)
Heap:
 garbage-first heap   total 241664K, used 169594K [0x0000000080000000, 0x0000000100000000)
  region size 1024K, 64 young (65536K), 3 survivors (3072K)
 Metaspace       used 127829K, capacity 132497K, committed 133140K, reserved 1165312K
  class space    used 15661K, capacity 17334K, committed 17484K, reserved 1048576K
GC Heap History (20 events):
Event: 8560,724 GC heap before
{Heap before GC invocations=182 (full 0):
 garbage-first heap   total 241664K, used 148854K [0x0000000080000000, 0x0000000100000000)
  region size 1024K, 49 young (50176K), 2 survivors (2048K)
 Metaspace       used 127584K, capacity 132121K, committed 132884K, reserved 1165312K
  class space    used 15656K, capacity 17325K, committed 17484K, reserved 1048576K
}
Event: 8560,735 GC heap after
{Heap after GC invocations=183 (full 0):
 garbage-first heap   total 241664K, used 104620K [0x0000000080000000, 0x0000000100000000)
  region size 1024K, 4 young (4096K), 4 survivors (4096K)
 Metaspace       used 127584K, capacity 132121K, committed 132884K, reserved 1165312K
  class space    used 15656K, capacity 17325K, committed 17484K, reserved 1048576K
}
Event: 10211,183 GC heap before
{Heap before GC invocations=184 (full 0):
 garbage-first heap   total 241664K, used 178348K [0x0000000080000000, 0x0000000100000000)
  region size 1024K, 70 young (71680K), 4 survivors (4096K)
 Metaspace       used 127607K, capacity 132122K, committed 132884K, reserved 1165312K
  class space    used 15656K, capacity 17325K, committed 17484K, reserved 1048576K
}
Event: 10211,205 GC heap after
{Heap after GC invocations=185 (full 0):
 garbage-first heap   total 241664K, used 102087K [0x0000000080000000, 0x0000000100000000)
  region size 1024K, 3 young (3072K), 3 survivors (3072K)
 Metaspace       used 127607K, capacity 132122K, committed 132884K, reserved 1165312K
  class space    used 15656K, capacity 17325K, committed 17484K, reserved 1048576K
}
Event: 10211,354 GC heap before
{Heap before GC invocations=185 (full 0):
 garbage-first heap   total 241664K, used 109255K [0x0000000080000000, 0x0000000100000000)
  region size 1024K, 11 young (11264K), 3 survivors (3072K)
 Metaspace       used 127623K, capacity 132124K, committed 132884K, reserved 1165312K
  class space    used 15656K, capacity 17325K, committed 17484K, reserved 1048576K
}
Event: 10211,380 GC heap after
{Heap after GC invocations=186 (full 0):
 garbage-first heap   total 241664K, used 98284K [0x0000000080000000, 0x0000000100000000)
  region size 1024K, 1 young (1024K), 1 survivors (1024K)
 Metaspace       used 127623K, capacity 132124K, committed 132884K, reserved 1165312K
  class space    used 15656K, capacity 17325K, committed 17484K, reserved 1048576K
}
Event: 10211,891 GC heap before
{Heap before GC invocations=186 (full 0):
 garbage-first heap   total 241664K, used 125932K [0x0000000080000000, 0x0000000100000000)
  region size 1024K, 30 young (30720K), 1 survivors (1024K)
 Metaspace       used 127663K, capacity 132124K, committed 132884K, reserved 1165312K
  class space    used 15656K, capacity 17325K, committed 17484K, reserved 1048576K
}
Event: 10211,909 GC heap after
{Heap after GC invocations=187 (full 0):
 garbage-first heap   total 241664K, used 103202K [0x0000000080000000, 0x0000000100000000)
  region size 1024K, 6 young (6144K), 6 survivors (6144K)
 Metaspace       used 127663K, capacity 132124K, committed 132884K, reserved 1165312K
  class space    used 15656K, capacity 17325K, committed 17484K, reserved 1048576K
}
Event: 10213,789 GC heap before
{Heap before GC invocations=188 (full 0):
 garbage-first heap   total 241664K, used 171810K [0x0000000080000000, 0x0000000100000000)
  region size 1024K, 70 young (71680K), 6 survivors (6144K)
 Metaspace       used 127742K, capacity 132319K, committed 132884K, reserved 1165312K
  class space    used 15661K, capacity 17336K, committed 17484K, reserved 1048576K
}
Event: 10213,807 GC heap after
{Heap after GC invocations=189 (full 0):
 garbage-first heap   total 241664K, used 110323K [0x0000000080000000, 0x0000000100000000)
  region size 1024K, 7 young (7168K), 7 survivors (7168K)
 Metaspace       used 127742K, capacity 132319K, committed 132884K, reserved 1165312K
  class space    used 15661K, capacity 17336K, committed 17484K, reserved 1048576K
}
Event: 10213,812 GC heap before
{Heap before GC invocations=189 (full 0):
 garbage-first heap   total 241664K, used 114419K [0x0000000080000000, 0x0000000100000000)
  region size 1024K, 11 young (11264K), 7 survivors (7168K)
 Metaspace       used 127742K, capacity 132319K, committed 132884K, reserved 1165312K
  class space    used 15661K, capacity 17336K, committed 17484K, reserved 1048576K
}
Event: 10213,834 GC heap after
{Heap after GC invocations=190 (full 0):
 garbage-first heap   total 241664K, used 103080K [0x0000000080000000, 0x0000000100000000)
  region size 1024K, 2 young (2048K), 2 survivors (2048K)
 Metaspace       used 127742K, capacity 132319K, committed 132884K, reserved 1165312K
  class space    used 15661K, capacity 17336K, committed 17484K, reserved 1048576K
}
Event: 10213,945 GC heap before
{Heap before GC invocations=190 (full 0):
 garbage-first heap   total 241664K, used 154280K [0x0000000080000000, 0x0000000100000000)
  region size 1024K, 54 young (55296K), 2 survivors (2048K)
 Metaspace       used 127760K, capacity 132385K, committed 132884K, reserved 1165312K
  class space    used 15661K, capacity 17336K, committed 17484K, reserved 1048576K
}
Event: 10213,955 GC heap after
{Heap after GC invocations=191 (full 0):
 garbage-first heap   total 241664K, used 105380K [0x0000000080000000, 0x0000000100000000)
  region size 1024K, 5 young (5120K), 5 survivors (5120K)
 Metaspace       used 127760K, capacity 132385K, committed 132884K, reserved 1165312K
  class space    used 15661K, capacity 17336K, committed 17484K, reserved 1048576K
}
Event: 10671,245 GC heap before
{Heap before GC invocations=192 (full 0):
 garbage-first heap   total 241664K, used 181156K [0x0000000080000000, 0x0000000100000000)
  region size 1024K, 71 young (72704K), 5 survivors (5120K)
 Metaspace       used 127827K, capacity 132473K, committed 133140K, reserved 1165312K
  class space    used 15664K, capacity 17340K, committed 17484K, reserved 1048576K
}
Event: 10671,288 GC heap after
{Heap after GC invocations=193 (full 0):
 garbage-first heap   total 241664K, used 107084K [0x0000000080000000, 0x0000000100000000)
  region size 1024K, 6 young (6144K), 6 survivors (6144K)
 Metaspace       used 127827K, capacity 132473K, committed 133140K, reserved 1165312K
  class space    used 15664K, capacity 17340K, committed 17484K, reserved 1048576K
}
Event: 10671,355 GC heap before
{Heap before GC invocations=193 (full 0):
 garbage-first heap   total 241664K, used 111180K [0x0000000080000000, 0x0000000100000000)
  region size 1024K, 11 young (11264K), 6 survivors (6144K)
 Metaspace       used 127827K, capacity 132473K, committed 133140K, reserved 1165312K
  class space    used 15664K, capacity 17340K, committed 17484K, reserved 1048576K
}
Event: 10671,397 GC heap after
{Heap after GC invocations=194 (full 0):
 garbage-first heap   total 241664K, used 107180K [0x0000000080000000, 0x0000000100000000)
  region size 1024K, 1 young (1024K), 1 survivors (1024K)
 Metaspace       used 127827K, capacity 132473K, committed 133140K, reserved 1165312K
  class space    used 15664K, capacity 17340K, committed 17484K, reserved 1048576K
}
Event: 10671,685 GC heap before
{Heap before GC invocations=194 (full 0):
 garbage-first heap   total 241664K, used 122540K [0x0000000080000000, 0x0000000100000000)
  region size 1024K, 18 young (18432K), 1 survivors (1024K)
 Metaspace       used 127835K, capacity 132474K, committed 133140K, reserved 1165312K
  class space    used 15665K, capacity 17340K, committed 17484K, reserved 1048576K
}
Event: 10671,700 GC heap after
{Heap after GC invocations=195 (full 0):
 garbage-first heap   total 241664K, used 109178K [0x0000000080000000, 0x0000000100000000)
  region size 1024K, 3 young (3072K), 3 survivors (3072K)
 Metaspace       used 127835K, capacity 132474K, committed 133140K, reserved 1165312K
  class space    used 15665K, capacity 17340K, committed 17484K, reserved 1048576K
}

