# JRE version: OpenJDK Runtime Environment (11.0.11) (build 11.0.11+0-b60-7590822)
# Java VM: OpenJDK 64-Bit Server VM (11.0.11+0-b60-7590822, mixed mode, tiered, compressed oops, g1 gc, linux-amd64)
Heap:
 garbage-first heap   total 253952K, used 116506K [0x0000000080000000, 0x0000000100000000)
  region size 1024K, 23 young (23552K), 3 survivors (3072K)
 Metaspace       used 123827K, capacity 127041K, committed 127304K, reserved 1159168K
  class space    used 15450K, capacity 16700K, committed 16896K, reserved 1048576K
GC Heap History (20 events):
Event: 921,619 GC heap before
{Heap before GC invocations=47 (full 0):
 garbage-first heap   total 253952K, used 127827K [0x0000000080000000, 0x0000000100000000)
  region size 1024K, 6 young (6144K), 2 survivors (2048K)
 Metaspace       used 121975K, capacity 125143K, committed 125896K, reserved 1159168K
  class space    used 15301K, capacity 16510K, committed 16768K, reserved 1048576K
}
Event: 921,627 GC heap after
{Heap after GC invocations=48 (full 0):
 garbage-first heap   total 253952K, used 127737K [0x0000000080000000, 0x0000000100000000)
  region size 1024K, 4 young (4096K), 4 survivors (4096K)
 Metaspace       used 121975K, capacity 125143K, committed 125896K, reserved 1159168K
  class space    used 15301K, capacity 16510K, committed 16768K, reserved 1048576K
}
Event: 922,528 GC heap before
{Heap before GC invocations=49 (full 0):
 garbage-first heap   total 253952K, used 185081K [0x0000000080000000, 0x0000000100000000)
  region size 1024K, 48 young (49152K), 4 survivors (4096K)
 Metaspace       used 122113K, capacity 125354K, committed 125896K, reserved 1159168K
  class space    used 15315K, capacity 16536K, committed 16768K, reserved 1048576K
}
Event: 922,543 GC heap after
{Heap after GC invocations=50 (full 0):
 garbage-first heap   total 253952K, used 131009K [0x0000000080000000, 0x0000000100000000)
  region size 1024K, 6 young (6144K), 6 survivors (6144K)
 Metaspace       used 122113K, capacity 125354K, committed 125896K, reserved 1159168K
  class space    used 15315K, capacity 16536K, committed 16768K, reserved 1048576K
}
Event: 922,553 GC heap before
{Heap before GC invocations=50 (full 0):
 garbage-first heap   total 253952K, used 136129K [0x0000000080000000, 0x0000000100000000)
  region size 1024K, 12 young (12288K), 6 survivors (6144K)
 Metaspace       used 122117K, capacity 125354K, committed 125896K, reserved 1159168K
  class space    used 15315K, capacity 16536K, committed 16768K, reserved 1048576K
}
Event: 922,565 GC heap after
{Heap after GC invocations=51 (full 0):
 garbage-first heap   total 253952K, used 119315K [0x0000000080000000, 0x0000000100000000)
  region size 1024K, 1 young (1024K), 1 survivors (1024K)
 Metaspace       used 122117K, capacity 125354K, committed 125896K, reserved 1159168K
  class space    used 15315K, capacity 16536K, committed 16768K, reserved 1048576K
}
Event: 922,696 GC heap before
{Heap before GC invocations=51 (full 0):
 garbage-first heap   total 253952K, used 139795K [0x0000000080000000, 0x0000000100000000)
  region size 1024K, 23 young (23552K), 1 survivors (1024K)
 Metaspace       used 122160K, capacity 125355K, committed 125896K, reserved 1159168K
  class space    used 15315K, capacity 16536K, committed 16768K, reserved 1048576K
}
Event: 922,701 GC heap after
{Heap after GC invocations=52 (full 0):
 garbage-first heap   total 253952K, used 119512K [0x0000000080000000, 0x0000000100000000)
  region size 1024K, 1 young (1024K), 1 survivors (1024K)
 Metaspace       used 122160K, capacity 125355K, committed 125896K, reserved 1159168K
  class space    used 15315K, capacity 16536K, committed 16768K, reserved 1048576K
}
Event: 1040,087 GC heap before
{Heap before GC invocations=53 (full 0):
 garbage-first heap   total 253952K, used 173784K [0x0000000080000000, 0x0000000100000000)
  region size 1024K, 57 young (58368K), 1 survivors (1024K)
 Metaspace       used 123178K, capacity 126349K, committed 126792K, reserved 1159168K
  class space    used 15421K, capacity 16649K, committed 16896K, reserved 1048576K
}
Event: 1040,098 GC heap after
{Heap after GC invocations=54 (full 0):
 garbage-first heap   total 253952K, used 113973K [0x0000000080000000, 0x0000000100000000)
  region size 1024K, 6 young (6144K), 6 survivors (6144K)
 Metaspace       used 123178K, capacity 126349K, committed 126792K, reserved 1159168K
  class space    used 15421K, capacity 16649K, committed 16896K, reserved 1048576K
}
Event: 1040,175 GC heap before
{Heap before GC invocations=54 (full 0):
 garbage-first heap   total 253952K, used 120117K [0x0000000080000000, 0x0000000100000000)
  region size 1024K, 12 young (12288K), 6 survivors (6144K)
 Metaspace       used 123210K, capacity 126357K, committed 126792K, reserved 1159168K
  class space    used 15422K, capacity 16650K, committed 16896K, reserved 1048576K
}
Event: 1040,197 GC heap after
{Heap after GC invocations=55 (full 0):
 garbage-first heap   total 253952K, used 102223K [0x0000000080000000, 0x0000000100000000)
  region size 1024K, 1 young (1024K), 1 survivors (1024K)
 Metaspace       used 123210K, capacity 126357K, committed 126792K, reserved 1159168K
  class space    used 15422K, capacity 16650K, committed 16896K, reserved 1048576K
}
Event: 1040,972 GC heap before
{Heap before GC invocations=55 (full 0):
 garbage-first heap   total 253952K, used 158543K [0x0000000080000000, 0x0000000100000000)
  region size 1024K, 58 young (59392K), 1 survivors (1024K)
 Metaspace       used 123281K, capacity 126489K, committed 127048K, reserved 1159168K
  class space    used 15422K, capacity 16651K, committed 16896K, reserved 1048576K
}
Event: 1040,980 GC heap after
{Heap after GC invocations=56 (full 0):
 garbage-first heap   total 253952K, used 104968K [0x0000000080000000, 0x0000000100000000)
  region size 1024K, 4 young (4096K), 4 survivors (4096K)
 Metaspace       used 123281K, capacity 126489K, committed 127048K, reserved 1159168K
  class space    used 15422K, capacity 16651K, committed 16896K, reserved 1048576K
}
Event: 3696,538 GC heap before
{Heap before GC invocations=57 (full 0):
 garbage-first heap   total 253952K, used 184840K [0x0000000080000000, 0x0000000100000000)
  region size 1024K, 75 young (76800K), 4 survivors (4096K)
 Metaspace       used 123411K, capacity 126620K, committed 127048K, reserved 1159168K
  class space    used 15423K, capacity 16652K, committed 16896K, reserved 1048576K
}
Event: 3696,545 GC heap after
{Heap after GC invocations=58 (full 0):
 garbage-first heap   total 253952K, used 102579K [0x0000000080000000, 0x0000000100000000)
  region size 1024K, 2 young (2048K), 2 survivors (2048K)
 Metaspace       used 123411K, capacity 126620K, committed 127048K, reserved 1159168K
  class space    used 15423K, capacity 16652K, committed 16896K, reserved 1048576K
}
Event: 4101,891 GC heap before
{Heap before GC invocations=58 (full 0):
 garbage-first heap   total 253952K, used 112819K [0x0000000080000000, 0x0000000100000000)
  region size 1024K, 12 young (12288K), 2 survivors (2048K)
 Metaspace       used 123422K, capacity 126620K, committed 127048K, reserved 1159168K
  class space    used 15424K, capacity 16652K, committed 16896K, reserved 1048576K
}
Event: 4101,900 GC heap after
{Heap after GC invocations=59 (full 0):
 garbage-first heap   total 253952K, used 95483K [0x0000000080000000, 0x0000000100000000)
  region size 1024K, 2 young (2048K), 2 survivors (2048K)
 Metaspace       used 123422K, capacity 126620K, committed 127048K, reserved 1159168K
  class space    used 15424K, capacity 16652K, committed 16896K, reserved 1048576K
}
Event: 5019,537 GC heap before
{Heap before GC invocations=59 (full 0):
 garbage-first heap   total 253952K, used 178427K [0x0000000080000000, 0x0000000100000000)
  region size 1024K, 84 young (86016K), 2 survivors (2048K)
 Metaspace       used 123742K, capacity 127032K, committed 127304K, reserved 1159168K
  class space    used 15449K, capacity 16699K, committed 16896K, reserved 1048576K
}
Event: 5019,544 GC heap after
{Heap after GC invocations=60 (full 0):
 garbage-first heap   total 253952K, used 97050K [0x0000000080000000, 0x0000000100000000)
  region size 1024K, 3 young (3072K), 3 survivors (3072K)
 Metaspace       used 123742K, capacity 127032K, committed 127304K, reserved 1159168K
  class space    used 15449K, capacity 16699K, committed 16896K, reserved 1048576K
}

