# JRE version: OpenJDK Runtime Environment (11.0.11) (build 11.0.11+0-b60-7590822)
# Java VM: OpenJDK 64-Bit Server VM (11.0.11+0-b60-7590822, mixed mode, tiered, compressed oops, g1 gc, linux-amd64)
Heap:
 garbage-first heap   total 238592K, used 136682K [0x0000000080000000, 0x0000000100000000)
  region size 1024K, 19 young (19456K), 4 survivors (4096K)
 Metaspace       used 106817K, capacity 109390K, committed 110236K, reserved 1144832K
  class space    used 13677K, capacity 14646K, committed 14924K, reserved 1048576K
GC Heap History (20 events):
Event: 8,737 GC heap before
{Heap before GC invocations=23 (full 0):
 garbage-first heap   total 164864K, used 131844K [0x0000000080000000, 0x0000000100000000)
  region size 1024K, 53 young (54272K), 7 survivors (7168K)
 Metaspace       used 75664K, capacity 77713K, committed 78108K, reserved 1116160K
  class space    used 9901K, capacity 10621K, committed 10700K, reserved 1048576K
}
Event: 8,753 GC heap after
{Heap after GC invocations=24 (full 0):
 garbage-first heap   total 198656K, used 87661K [0x0000000080000000, 0x0000000100000000)
  region size 1024K, 4 young (4096K), 4 survivors (4096K)
 Metaspace       used 75664K, capacity 77713K, committed 78108K, reserved 1116160K
  class space    used 9901K, capacity 10621K, committed 10700K, reserved 1048576K
}
Event: 9,127 GC heap before
{Heap before GC invocations=24 (full 0):
 garbage-first heap   total 198656K, used 131693K [0x0000000080000000, 0x0000000100000000)
  region size 1024K, 43 young (44032K), 4 survivors (4096K)
 Metaspace       used 77455K, capacity 79554K, committed 79644K, reserved 1118208K
  class space    used 10177K, capacity 10937K, committed 10956K, reserved 1048576K
}
Event: 9,140 GC heap after
{Heap after GC invocations=25 (full 0):
 garbage-first heap   total 198656K, used 95614K [0x0000000080000000, 0x0000000100000000)
  region size 1024K, 7 young (7168K), 7 survivors (7168K)
 Metaspace       used 77455K, capacity 79554K, committed 79644K, reserved 1118208K
  class space    used 10177K, capacity 10937K, committed 10956K, reserved 1048576K
}
Event: 9,700 GC heap before
{Heap before GC invocations=26 (full 0):
 garbage-first heap   total 198656K, used 142718K [0x0000000080000000, 0x0000000100000000)
  region size 1024K, 50 young (51200K), 7 survivors (7168K)
 Metaspace       used 80374K, capacity 82581K, committed 82844K, reserved 1120256K
  class space    used 10537K, capacity 11293K, committed 11340K, reserved 1048576K
}
Event: 9,710 GC heap after
{Heap after GC invocations=27 (full 0):
 garbage-first heap   total 198656K, used 104189K [0x0000000080000000, 0x0000000100000000)
  region size 1024K, 8 young (8192K), 8 survivors (8192K)
 Metaspace       used 80374K, capacity 82581K, committed 82844K, reserved 1120256K
  class space    used 10537K, capacity 11293K, committed 11340K, reserved 1048576K
}
Event: 10,397 GC heap before
{Heap before GC invocations=28 (full 0):
 garbage-first heap   total 198656K, used 158461K [0x0000000080000000, 0x0000000100000000)
  region size 1024K, 60 young (61440K), 8 survivors (8192K)
 Metaspace       used 87672K, capacity 89851K, committed 90140K, reserved 1128448K
  class space    used 11409K, capacity 12165K, committed 12236K, reserved 1048576K
}
Event: 10,416 GC heap after
{Heap after GC invocations=29 (full 0):
 garbage-first heap   total 198656K, used 106648K [0x0000000080000000, 0x0000000100000000)
  region size 1024K, 3 young (3072K), 3 survivors (3072K)
 Metaspace       used 87672K, capacity 89851K, committed 90140K, reserved 1128448K
  class space    used 11409K, capacity 12165K, committed 12236K, reserved 1048576K
}
Event: 11,137 GC heap before
{Heap before GC invocations=29 (full 0):
 garbage-first heap   total 198656K, used 159896K [0x0000000080000000, 0x0000000100000000)
  region size 1024K, 55 young (56320K), 3 survivors (3072K)
 Metaspace       used 92815K, capacity 95086K, committed 95516K, reserved 1132544K
  class space    used 12063K, capacity 12916K, committed 13004K, reserved 1048576K
}
Event: 11,153 GC heap after
{Heap after GC invocations=30 (full 0):
 garbage-first heap   total 238592K, used 109965K [0x0000000080000000, 0x0000000100000000)
  region size 1024K, 7 young (7168K), 7 survivors (7168K)
 Metaspace       used 92815K, capacity 95086K, committed 95516K, reserved 1132544K
  class space    used 12063K, capacity 12916K, committed 13004K, reserved 1048576K
}
Event: 13,266 GC heap before
{Heap before GC invocations=31 (full 0):
 garbage-first heap   total 238592K, used 175501K [0x0000000080000000, 0x0000000100000000)
  region size 1024K, 72 young (73728K), 7 survivors (7168K)
 Metaspace       used 98205K, capacity 100632K, committed 100892K, reserved 1136640K
  class space    used 12737K, capacity 13646K, committed 13772K, reserved 1048576K
}
Event: 13,276 GC heap after
{Heap after GC invocations=32 (full 0):
 garbage-first heap   total 238592K, used 114114K [0x0000000080000000, 0x0000000100000000)
  region size 1024K, 8 young (8192K), 8 survivors (8192K)
 Metaspace       used 98205K, capacity 100632K, committed 100892K, reserved 1136640K
  class space    used 12737K, capacity 13646K, committed 13772K, reserved 1048576K
}
Event: 14,958 GC heap before
{Heap before GC invocations=32 (full 0):
 garbage-first heap   total 238592K, used 189890K [0x0000000080000000, 0x0000000100000000)
  region size 1024K, 83 young (84992K), 8 survivors (8192K)
 Metaspace       used 100171K, capacity 102662K, committed 102812K, reserved 1138688K
  class space    used 12884K, capacity 13825K, committed 13900K, reserved 1048576K
}
Event: 14,973 GC heap after
{Heap after GC invocations=33 (full 0):
 garbage-first heap   total 238592K, used 119037K [0x0000000080000000, 0x0000000100000000)
  region size 1024K, 9 young (9216K), 9 survivors (9216K)
 Metaspace       used 100171K, capacity 102662K, committed 102812K, reserved 1138688K
  class space    used 12884K, capacity 13825K, committed 13900K, reserved 1048576K
}
Event: 22,660 GC heap before
{Heap before GC invocations=33 (full 0):
 garbage-first heap   total 238592K, used 194813K [0x0000000080000000, 0x0000000100000000)
  region size 1024K, 83 young (84992K), 9 survivors (9216K)
 Metaspace       used 106591K, capacity 109393K, committed 109724K, reserved 1144832K
  class space    used 13766K, capacity 14819K, committed 14924K, reserved 1048576K
}
Event: 22,690 GC heap after
{Heap after GC invocations=34 (full 0):
 garbage-first heap   total 238592K, used 123040K [0x0000000080000000, 0x0000000100000000)
  region size 1024K, 9 young (9216K), 9 survivors (9216K)
 Metaspace       used 106591K, capacity 109393K, committed 109724K, reserved 1144832K
  class space    used 13766K, capacity 14819K, committed 14924K, reserved 1048576K
}
Event: 2499,335 GC heap before
{Heap before GC invocations=35 (full 0):
 garbage-first heap   total 238592K, used 196768K [0x0000000080000000, 0x0000000100000000)
  region size 1024K, 81 young (82944K), 9 survivors (9216K)
 Metaspace       used 107143K, capacity 109996K, committed 110236K, reserved 1144832K
  class space    used 13798K, capacity 14865K, committed 14924K, reserved 1048576K
}
Event: 2499,355 GC heap after
{Heap after GC invocations=36 (full 0):
 garbage-first heap   total 238592K, used 123306K [0x0000000080000000, 0x0000000100000000)
  region size 1024K, 5 young (5120K), 5 survivors (5120K)
 Metaspace       used 107143K, capacity 109996K, committed 110236K, reserved 1144832K
  class space    used 13798K, capacity 14865K, committed 14924K, reserved 1048576K
}
Event: 5541,486 GC heap before
{Heap before GC invocations=36 (full 0):
 garbage-first heap   total 238592K, used 198058K [0x0000000080000000, 0x0000000100000000)
  region size 1024K, 79 young (80896K), 5 survivors (5120K)
 Metaspace       used 107176K, capacity 109996K, committed 110236K, reserved 1144832K
  class space    used 13799K, capacity 14865K, committed 14924K, reserved 1048576K
}
Event: 5541,501 GC heap after
{Heap after GC invocations=37 (full 0):
 garbage-first heap   total 238592K, used 122346K [0x0000000080000000, 0x0000000100000000)
  region size 1024K, 4 young (4096K), 4 survivors (4096K)
 Metaspace       used 107176K, capacity 109996K, committed 110236K, reserved 1144832K
  class space    used 13799K, capacity 14865K, committed 14924K, reserved 1048576K
}

